<?xml version="1.0" encoding="UTF-8"?>
<!-- Generated by org.testng.reporters.JUnitReportReporter -->
<testsuite skipped="2" hostname="Dizerc" name="com.sapling.qa.testcases.HomePageTest" tests="4" failures="0" timestamp="04 Dec 2018 07:55:58 GMT" time="44.779" errors="0">
  <testcase name="verifyHomePageTitleTest" time="27.742" classname="com.sapling.qa.testcases.HomePageTest"/>
  <testcase name="verifysignoff" time="17.037" classname="com.sapling.qa.testcases.HomePageTest"/>
  <testcase name="verifyUserNameTest" classname="com.sapling.qa.testcases.HomePageTest">
    <skipped/>
  </testcase> <!-- verifyUserNameTest -->
  <testcase name="verifyContactsLinkTest" classname="com.sapling.qa.testcases.HomePageTest">
    <skipped/>
  </testcase> <!-- verifyContactsLinkTest -->
</testsuite> <!-- com.sapling.qa.testcases.HomePageTest -->
