<?xml version="1.0" encoding="UTF-8"?>
<!-- Generated by org.testng.reporters.JUnitReportReporter -->
<testsuite skipped="2" hostname="Dizerc" name="com.sapling.qa.testcases.HomePageTest" tests="4" failures="0" timestamp="04 Dec 2018 07:16:09 GMT" time="24.433" errors="0">
  <testcase name="verifyHomePageTitleTest" time="9.380" classname="com.sapling.qa.testcases.HomePageTest"/>
  <testcase name="Verifysignoff" time="15.053" classname="com.sapling.qa.testcases.HomePageTest"/>
  <testcase name="verifyUserNameTest" classname="com.sapling.qa.testcases.HomePageTest">
    <skipped/>
  </testcase> <!-- verifyUserNameTest -->
  <testcase name="verifyContactsLinkTest" classname="com.sapling.qa.testcases.HomePageTest">
    <skipped/>
  </testcase> <!-- verifyContactsLinkTest -->
</testsuite> <!-- com.sapling.qa.testcases.HomePageTest -->
